2025-07-30 10:32:42.631 [info] [main] Log level: Info
2025-07-30 10:32:42.631 [info] [main] Validating found git in: "git"
2025-07-30 10:32:42.631 [info] [main] Using git "2.50.1" from "git"
2025-07-30 10:32:42.631 [info] [Model][doInitialScan] Initial repository scan started
2025-07-30 10:32:42.631 [info] > git rev-parse --show-toplevel [6ms]
2025-07-30 10:32:42.631 [info] > git rev-parse --git-dir --git-common-dir [2ms]
2025-07-30 10:32:42.631 [info] [Model][openRepository] Opened repository (path): /usr/share/sddm/themes
2025-07-30 10:32:42.631 [info] [Model][openRepository] Opened repository (real path): /usr/share/sddm/themes
2025-07-30 10:32:42.631 [info] > git rev-parse --show-toplevel [1ms]
2025-07-30 10:32:42.631 [info] > git config --get commit.template [4ms]
2025-07-30 10:32:42.631 [info] > git for-each-ref --format=%(refname)%00%(upstream:short)%00%(objectname)%00%(upstream:track)%00%(upstream:remotename)%00%(upstream:remoteref) refs/heads/main refs/remotes/main [1ms]
2025-07-30 10:32:42.631 [info] > git rev-parse --show-toplevel [4ms]
2025-07-30 10:32:42.631 [warning] [Git][revParse] Unable to read file: ENOENT: no such file or directory, open '/usr/share/sddm/themes/.git/refs/remotes/origin/main'
2025-07-30 10:32:42.631 [info] > git rev-parse refs/remotes/origin/main [4ms]
2025-07-30 10:32:42.631 [info] > git for-each-ref --sort -committerdate --format %(refname)%00%(objectname)%00%(*objectname) [7ms]
2025-07-30 10:32:42.631 [info] > git rev-parse --show-toplevel [17ms]
2025-07-30 10:32:42.638 [info] > git status -z -uall [19ms]
2025-07-30 10:32:42.638 [info] > git rev-parse --show-toplevel [4ms]
2025-07-30 10:32:42.638 [info] [Model][doInitialScan] Initial repository scan completed - repositories (1), closed repositories (0), parent repositories (0), unsafe repositories (0)
2025-07-30 10:32:42.660 [info] > git for-each-ref --format=%(refname)%00%(upstream:short)%00%(objectname)%00%(upstream:track)%00%(upstream:remotename)%00%(upstream:remoteref) refs/heads/main refs/remotes/main [5ms]
2025-07-30 10:32:42.681 [info] > git config --get --local branch.main.vscode-merge-base [18ms]
2025-07-30 10:32:42.684 [info] > git config --get commit.template [24ms]
2025-07-30 10:32:42.687 [info] > git for-each-ref --format=%(refname)%00%(upstream:short)%00%(objectname)%00%(upstream:track)%00%(upstream:remotename)%00%(upstream:remoteref) refs/heads/origin/main refs/remotes/origin/main [4ms]
2025-07-30 10:32:42.694 [info] > git merge-base refs/heads/main refs/remotes/origin/main [4ms]
2025-07-30 10:32:42.698 [info] > git for-each-ref --format=%(refname)%00%(upstream:short)%00%(objectname)%00%(upstream:track)%00%(upstream:remotename)%00%(upstream:remoteref) refs/heads/main refs/remotes/main [4ms]
2025-07-30 10:32:42.701 [warning] [Git][revParse] Unable to read file: ENOENT: no such file or directory, open '/usr/share/sddm/themes/.git/refs/remotes/origin/main'
2025-07-30 10:32:42.701 [info] > git diff --name-status -z --diff-filter=ADMR afd038e57f8c678a14adf3fd9407a44dde5a660b...refs/remotes/origin/main [4ms]
2025-07-30 10:32:42.702 [info] > git rev-parse refs/remotes/origin/main [1ms]
2025-07-30 10:32:42.711 [info] > git for-each-ref --sort -committerdate --format %(refname)%00%(objectname)%00%(*objectname) [2ms]
2025-07-30 10:32:42.720 [info] > git status -z -uall [14ms]
2025-07-30 10:32:42.940 [info] > git show --textconv :theme.conf [8ms]
2025-07-30 10:32:42.941 [info] > git ls-files --stage -- theme.conf [2ms]
2025-07-30 10:32:42.949 [info] > git cat-file -s 5ed0f29617135bf4cb480a5b4a15a2167c828a41 [2ms]
2025-07-30 10:32:43.134 [info] > git check-ignore -v -z --stdin [2ms]
