2025-07-30 10:45:54.650 [info] [main] Log level: Info
2025-07-30 10:45:54.650 [info] [main] Validating found git in: "git"
2025-07-30 10:45:54.650 [info] [main] Using git "2.50.1" from "git"
2025-07-30 10:45:54.650 [info] [Model][doInitialScan] Initial repository scan started
2025-07-30 10:45:54.650 [info] > git rev-parse --show-toplevel [4ms]
2025-07-30 10:45:54.650 [info] fatal: not a git repository (or any parent up to mount point /)
Stopping at filesystem boundary (GIT_DISCOVERY_ACROSS_FILESYSTEM not set).
2025-07-30 10:45:54.650 [info] [Model][doInitialScan] Initial repository scan completed - repositories (0), closed repositories (0), parent repositories (0), unsafe repositories (0)
2025-07-30 10:45:56.577 [info] > git rev-parse --show-toplevel [1ms]
2025-07-30 10:45:56.577 [info] fatal: not a git repository (or any parent up to mount point /)
Stopping at filesystem boundary (GIT_DISCOVERY_ACROSS_FILESYSTEM not set).
2025-07-30 10:49:05.513 [info] > git rev-parse --show-toplevel [1ms]
2025-07-30 10:49:05.513 [info] fatal: not a git repository (or any parent up to mount point /)
Stopping at filesystem boundary (GIT_DISCOVERY_ACROSS_FILESYSTEM not set).
2025-07-30 10:49:15.575 [info] > git rev-parse --show-toplevel [1ms]
2025-07-30 10:49:15.575 [info] fatal: not a git repository (or any parent up to mount point /)
Stopping at filesystem boundary (GIT_DISCOVERY_ACROSS_FILESYSTEM not set).
2025-07-30 10:49:20.102 [info] > git rev-parse --show-toplevel [2ms]
2025-07-30 10:49:20.102 [info] fatal: not a git repository (or any parent up to mount point /)
Stopping at filesystem boundary (GIT_DISCOVERY_ACROSS_FILESYSTEM not set).
2025-07-30 10:49:20.553 [info] > git rev-parse --show-toplevel [1ms]
2025-07-30 10:49:20.553 [info] fatal: not a git repository (or any parent up to mount point /)
Stopping at filesystem boundary (GIT_DISCOVERY_ACROSS_FILESYSTEM not set).
2025-07-30 10:49:20.930 [info] > git rev-parse --show-toplevel [1ms]
2025-07-30 10:49:20.930 [info] fatal: not a git repository (or any parent up to mount point /)
Stopping at filesystem boundary (GIT_DISCOVERY_ACROSS_FILESYSTEM not set).
