2025-07-30 10:10:21.408 [info] [main] Log level: Info
2025-07-30 10:10:21.408 [info] [main] Validating found git in: "git"
2025-07-30 10:10:21.408 [info] [main] Using git "2.50.1" from "git"
2025-07-30 10:10:21.408 [info] [Model][doInitialScan] Initial repository scan started
2025-07-30 10:10:21.408 [info] > git rev-parse --show-toplevel [6ms]
2025-07-30 10:10:21.408 [info] > git rev-parse --git-dir --git-common-dir [1ms]
2025-07-30 10:10:21.408 [info] [Model][openRepository] Opened repository (path): /usr/share/sddm/themes/simple-sddm
2025-07-30 10:10:21.408 [info] [Model][openRepository] Opened repository (real path): /usr/share/sddm/themes/simple-sddm
2025-07-30 10:10:21.408 [info] > git rev-parse --show-toplevel [5ms]
2025-07-30 10:10:21.408 [info] > git config --get commit.template [9ms]
2025-07-30 10:10:21.408 [info] > git rev-parse --show-toplevel [12ms]
2025-07-30 10:10:21.408 [info] > git for-each-ref --format=%(refname)%00%(upstream:short)%00%(objectname)%00%(upstream:track)%00%(upstream:remotename)%00%(upstream:remoteref) refs/heads/main refs/remotes/main [11ms]
2025-07-30 10:10:21.411 [warning] [Git][revParse] Unable to read file: ENOENT: no such file or directory, open '/usr/share/sddm/themes/simple-sddm/.git/refs/remotes/origin/main'
2025-07-30 10:10:21.412 [info] > git rev-parse --show-toplevel [5ms]
2025-07-30 10:10:21.420 [info] > git rev-parse refs/remotes/origin/main [9ms]
2025-07-30 10:10:21.448 [info] > git status -z -uall [24ms]
2025-07-30 10:10:21.448 [info] > git for-each-ref --sort -committerdate --format %(refname)%00%(objectname)%00%(*objectname) [20ms]
2025-07-30 10:10:21.463 [info] > git rev-parse --show-toplevel [47ms]
2025-07-30 10:10:21.463 [info] [Model][doInitialScan] Initial repository scan completed - repositories (1), closed repositories (0), parent repositories (0), unsafe repositories (0)
2025-07-30 10:10:21.466 [info] > git for-each-ref --format=%(refname)%00%(upstream:short)%00%(objectname)%00%(upstream:track)%00%(upstream:remotename)%00%(upstream:remoteref) refs/heads/main refs/remotes/main [5ms]
2025-07-30 10:10:21.476 [info] > git config --get --local branch.main.vscode-merge-base [6ms]
2025-07-30 10:10:21.479 [info] > git config --get commit.template [13ms]
2025-07-30 10:10:21.480 [info] > git for-each-ref --format=%(refname)%00%(upstream:short)%00%(objectname)%00%(upstream:track)%00%(upstream:remotename)%00%(upstream:remoteref) refs/heads/origin/main refs/remotes/origin/main [1ms]
2025-07-30 10:10:21.487 [info] > git for-each-ref --format=%(refname)%00%(upstream:short)%00%(objectname)%00%(upstream:track)%00%(upstream:remotename)%00%(upstream:remoteref) refs/heads/main refs/remotes/main [1ms]
2025-07-30 10:10:21.488 [info] > git merge-base refs/heads/main refs/remotes/origin/main [4ms]
2025-07-30 10:10:21.493 [warning] [Git][revParse] Unable to read file: ENOENT: no such file or directory, open '/usr/share/sddm/themes/simple-sddm/.git/refs/remotes/origin/main'
2025-07-30 10:10:21.494 [info] > git diff --name-status -z --diff-filter=ADMR afd038e57f8c678a14adf3fd9407a44dde5a660b...refs/remotes/origin/main [3ms]
2025-07-30 10:10:21.494 [info] > git rev-parse refs/remotes/origin/main [1ms]
2025-07-30 10:10:21.501 [info] > git for-each-ref --sort -committerdate --format %(refname)%00%(objectname)%00%(*objectname) [1ms]
2025-07-30 10:10:21.510 [info] > git status -z -uall [13ms]
2025-07-30 10:10:21.835 [info] > git show --textconv :theme.conf [7ms]
2025-07-30 10:10:21.837 [info] > git ls-files --stage -- theme.conf [2ms]
2025-07-30 10:10:21.844 [info] > git cat-file -s 5ed0f29617135bf4cb480a5b4a15a2167c828a41 [1ms]
2025-07-30 10:10:21.876 [info] > git blame --root --incremental afd038e57f8c678a14adf3fd9407a44dde5a660b -- theme.conf [3ms]
2025-07-30 10:10:21.917 [info] > git check-ignore -v -z --stdin [1ms]
2025-07-30 10:10:38.808 [info] > git show --textconv :README.md [34ms]
2025-07-30 10:10:38.808 [info] > git ls-files --stage -- README.md [29ms]
2025-07-30 10:10:38.813 [info] > git cat-file -s 4800407b7e133e9903b30885ac9d13f6b1e1c0d8 [2ms]
2025-07-30 10:10:41.554 [info] > git show --textconv :metadata.desktop [9ms]
2025-07-30 10:10:41.555 [info] > git ls-files --stage -- metadata.desktop [2ms]
2025-07-30 10:10:41.561 [info] > git cat-file -s ca1943403c166ef5f6e5b7a8f92e4fac57dfcb4a [1ms]
2025-07-30 10:10:42.161 [info] > git show --textconv :Main.qml [8ms]
2025-07-30 10:10:42.162 [info] > git ls-files --stage -- Main.qml [2ms]
2025-07-30 10:10:42.169 [info] > git cat-file -s 06a132f6bc6775b296d089b7f19bb70d1b090ec8 [1ms]
2025-07-30 10:11:15.238 [info] > git config --get commit.template [10ms]
2025-07-30 10:11:15.239 [info] > git for-each-ref --format=%(refname)%00%(upstream:short)%00%(objectname)%00%(upstream:track)%00%(upstream:remotename)%00%(upstream:remoteref) refs/heads/main refs/remotes/main [3ms]
2025-07-30 10:11:15.244 [warning] [Git][revParse] Unable to read file: ENOENT: no such file or directory, open '/usr/share/sddm/themes/simple-sddm/.git/refs/remotes/origin/main'
2025-07-30 10:11:15.245 [info] > git rev-parse refs/remotes/origin/main [1ms]
2025-07-30 10:11:15.257 [info] > git for-each-ref --sort -committerdate --format %(refname)%00%(objectname)%00%(*objectname) [2ms]
2025-07-30 10:11:15.262 [info] > git status -z -uall [13ms]
2025-07-30 10:11:16.045 [info] > git show --textconv :Components/VirtualKeyboard.qml [9ms]
2025-07-30 10:11:16.046 [info] > git ls-files --stage -- Components/VirtualKeyboard.qml [2ms]
2025-07-30 10:11:16.056 [info] > git cat-file -s 77b6ea671557ee56eeef770e552d7d63ffebc2b1 [2ms]
2025-07-30 10:11:17.431 [info] > git show --textconv :Components/UserList.qml [9ms]
2025-07-30 10:11:17.432 [info] > git ls-files --stage -- Components/UserList.qml [2ms]
2025-07-30 10:11:17.441 [info] > git cat-file -s c6844be987bd811ca92d6a9970eb142b66de6281 [2ms]
2025-07-30 10:11:18.193 [info] > git show --textconv :Components/SystemButtons.qml [9ms]
2025-07-30 10:11:18.194 [info] > git ls-files --stage -- Components/SystemButtons.qml [3ms]
2025-07-30 10:11:18.204 [info] > git cat-file -s 511470d78f8633c26e50cf71de4d7680502c1e5e [2ms]
2025-07-30 10:11:19.145 [info] > git show --textconv :Components/SessionButton.qml [9ms]
2025-07-30 10:11:19.146 [info] > git ls-files --stage -- Components/SessionButton.qml [2ms]
2025-07-30 10:11:19.156 [info] > git cat-file -s c69cd139dc7571a3e3d22c88b87b29936bbacbda [2ms]
2025-07-30 10:11:19.779 [info] > git show --textconv :Components/LoginForm.qml [9ms]
2025-07-30 10:11:19.781 [info] > git ls-files --stage -- Components/LoginForm.qml [3ms]
2025-07-30 10:11:19.791 [info] > git cat-file -s 70212564faadec542e22792d65fc6aad75e6003c [3ms]
2025-07-30 10:11:29.886 [info] > git show --textconv :Components/Clock.qml [9ms]
2025-07-30 10:11:29.888 [info] > git ls-files --stage -- Components/Clock.qml [2ms]
2025-07-30 10:11:29.896 [info] > git cat-file -s e809efc10596d5342f89f540248c8055e0f94b8c [2ms]
2025-07-30 10:11:31.455 [info] > git show --textconv :Components/Input.qml [9ms]
2025-07-30 10:11:31.457 [info] > git ls-files --stage -- Components/Input.qml [3ms]
2025-07-30 10:11:31.465 [info] > git cat-file -s dfbc3da3517e40ff85a12ff3e7de1a4eb615bd66 [2ms]
2025-07-30 10:11:32.224 [info] > git show --textconv :Components/LoginForm.qml [9ms]
2025-07-30 10:11:32.225 [info] > git ls-files --stage -- Components/LoginForm.qml [2ms]
2025-07-30 10:11:32.234 [info] > git cat-file -s 70212564faadec542e22792d65fc6aad75e6003c [2ms]
2025-07-30 10:11:33.024 [info] > git show --textconv :Components/SessionButton.qml [8ms]
2025-07-30 10:11:33.025 [info] > git ls-files --stage -- Components/SessionButton.qml [2ms]
2025-07-30 10:11:33.034 [info] > git cat-file -s c69cd139dc7571a3e3d22c88b87b29936bbacbda [2ms]
2025-07-30 10:11:35.767 [info] > git show --textconv :Components/SystemButtons.qml [9ms]
2025-07-30 10:11:35.768 [info] > git ls-files --stage -- Components/SystemButtons.qml [2ms]
2025-07-30 10:11:35.777 [info] > git cat-file -s 511470d78f8633c26e50cf71de4d7680502c1e5e [2ms]
2025-07-30 10:11:36.370 [info] > git show --textconv :Components/UserList.qml [9ms]
2025-07-30 10:11:36.371 [info] > git ls-files --stage -- Components/UserList.qml [2ms]
2025-07-30 10:11:36.381 [info] > git cat-file -s c6844be987bd811ca92d6a9970eb142b66de6281 [2ms]
2025-07-30 10:11:36.758 [info] > git show --textconv :Components/VirtualKeyboard.qml [8ms]
2025-07-30 10:11:36.759 [info] > git ls-files --stage -- Components/VirtualKeyboard.qml [2ms]
2025-07-30 10:11:36.765 [info] > git cat-file -s 77b6ea671557ee56eeef770e552d7d63ffebc2b1 [2ms]
2025-07-30 10:11:37.919 [info] > git show --textconv :theme.conf [10ms]
2025-07-30 10:11:37.920 [info] > git ls-files --stage -- theme.conf [2ms]
2025-07-30 10:11:37.929 [info] > git cat-file -s 5ed0f29617135bf4cb480a5b4a15a2167c828a41 [2ms]
2025-07-30 10:13:24.515 [info] > git config --get commit.template [8ms]
2025-07-30 10:13:24.516 [info] > git for-each-ref --format=%(refname)%00%(upstream:short)%00%(objectname)%00%(upstream:track)%00%(upstream:remotename)%00%(upstream:remoteref) refs/heads/main refs/remotes/main [2ms]
2025-07-30 10:13:24.523 [warning] [Git][revParse] Unable to read file: ENOENT: no such file or directory, open '/usr/share/sddm/themes/simple-sddm/.git/refs/remotes/origin/main'
2025-07-30 10:13:24.524 [info] > git rev-parse refs/remotes/origin/main [2ms]
2025-07-30 10:13:24.539 [info] > git for-each-ref --sort -committerdate --format %(refname)%00%(objectname)%00%(*objectname) [2ms]
2025-07-30 10:13:24.545 [info] > git status -z -uall [14ms]
