2025-07-30 10:06:32.790 [info] [main] Log level: Info
2025-07-30 10:06:32.790 [info] [main] Validating found git in: "git"
2025-07-30 10:06:32.790 [info] [main] Using git "2.50.1" from "git"
2025-07-30 10:06:32.790 [info] [Model][doInitialScan] Initial repository scan started
2025-07-30 10:06:32.790 [info] > git rev-parse --show-toplevel [6ms]
2025-07-30 10:06:32.790 [info] fatal: not a git repository (or any parent up to mount point /)
Stopping at filesystem boundary (GIT_DISCOVERY_ACROSS_FILESYSTEM not set).
2025-07-30 10:06:32.790 [info] > git rev-parse --show-toplevel [2ms]
2025-07-30 10:06:32.790 [info] fatal: not a git repository (or any parent up to mount point /)
Stopping at filesystem boundary (GIT_DISCOVERY_ACROSS_FILESYSTEM not set).
2025-07-30 10:06:32.790 [info] > git rev-parse --show-toplevel [1ms]
2025-07-30 10:06:32.790 [info] fatal: not a git repository (or any parent up to mount point /)
Stopping at filesystem boundary (GIT_DISCOVERY_ACROSS_FILESYSTEM not set).
2025-07-30 10:06:32.790 [info] > git rev-parse --show-toplevel [1ms]
2025-07-30 10:06:32.790 [info] fatal: not a git repository (or any parent up to mount point /)
Stopping at filesystem boundary (GIT_DISCOVERY_ACROSS_FILESYSTEM not set).
2025-07-30 10:06:32.790 [info] > git rev-parse --show-toplevel [0ms]
2025-07-30 10:06:32.790 [info] fatal: not a git repository (or any parent up to mount point /)
Stopping at filesystem boundary (GIT_DISCOVERY_ACROSS_FILESYSTEM not set).
2025-07-30 10:06:32.790 [info] > git rev-parse --show-toplevel [0ms]
2025-07-30 10:06:32.790 [info] fatal: not a git repository (or any parent up to mount point /)
Stopping at filesystem boundary (GIT_DISCOVERY_ACROSS_FILESYSTEM not set).
2025-07-30 10:06:32.790 [info] > git rev-parse --show-toplevel [1ms]
2025-07-30 10:06:32.790 [info] fatal: not a git repository (or any parent up to mount point /)
Stopping at filesystem boundary (GIT_DISCOVERY_ACROSS_FILESYSTEM not set).
2025-07-30 10:06:32.790 [info] > git rev-parse --show-toplevel [1ms]
2025-07-30 10:06:32.790 [info] fatal: not a git repository (or any parent up to mount point /)
Stopping at filesystem boundary (GIT_DISCOVERY_ACROSS_FILESYSTEM not set).
2025-07-30 10:06:32.790 [info] > git rev-parse --show-toplevel [0ms]
2025-07-30 10:06:32.790 [info] fatal: not a git repository (or any parent up to mount point /)
Stopping at filesystem boundary (GIT_DISCOVERY_ACROSS_FILESYSTEM not set).
2025-07-30 10:06:32.790 [info] > git rev-parse --show-toplevel [1ms]
2025-07-30 10:06:32.790 [info] fatal: not a git repository (or any parent up to mount point /)
Stopping at filesystem boundary (GIT_DISCOVERY_ACROSS_FILESYSTEM not set).
2025-07-30 10:06:32.790 [info] > git rev-parse --show-toplevel [1ms]
2025-07-30 10:06:32.790 [info] fatal: not a git repository (or any parent up to mount point /)
Stopping at filesystem boundary (GIT_DISCOVERY_ACROSS_FILESYSTEM not set).
2025-07-30 10:06:32.790 [info] > git rev-parse --show-toplevel [1ms]
2025-07-30 10:06:32.790 [info] fatal: not a git repository (or any parent up to mount point /)
Stopping at filesystem boundary (GIT_DISCOVERY_ACROSS_FILESYSTEM not set).
2025-07-30 10:06:32.790 [info] > git rev-parse --show-toplevel [2ms]
2025-07-30 10:06:32.790 [info] fatal: not a git repository (or any parent up to mount point /)
Stopping at filesystem boundary (GIT_DISCOVERY_ACROSS_FILESYSTEM not set).
2025-07-30 10:06:32.790 [info] > git rev-parse --show-toplevel [13ms]
2025-07-30 10:06:32.790 [info] fatal: not a git repository (or any parent up to mount point /)
Stopping at filesystem boundary (GIT_DISCOVERY_ACROSS_FILESYSTEM not set).
2025-07-30 10:06:32.791 [info] > git rev-parse --show-toplevel [4ms]
2025-07-30 10:06:32.791 [info] fatal: not a git repository (or any parent up to mount point /)
Stopping at filesystem boundary (GIT_DISCOVERY_ACROSS_FILESYSTEM not set).
2025-07-30 10:06:32.795 [info] > git rev-parse --show-toplevel [1ms]
2025-07-30 10:06:32.795 [info] fatal: not a git repository (or any parent up to mount point /)
Stopping at filesystem boundary (GIT_DISCOVERY_ACROSS_FILESYSTEM not set).
2025-07-30 10:06:32.799 [info] > git rev-parse --show-toplevel [1ms]
2025-07-30 10:06:32.799 [info] fatal: not a git repository (or any parent up to mount point /)
Stopping at filesystem boundary (GIT_DISCOVERY_ACROSS_FILESYSTEM not set).
2025-07-30 10:06:32.802 [info] > git rev-parse --show-toplevel [0ms]
2025-07-30 10:06:32.802 [info] fatal: not a git repository (or any parent up to mount point /)
Stopping at filesystem boundary (GIT_DISCOVERY_ACROSS_FILESYSTEM not set).
2025-07-30 10:06:32.805 [info] > git rev-parse --show-toplevel [0ms]
2025-07-30 10:06:32.805 [info] fatal: not a git repository (or any parent up to mount point /)
Stopping at filesystem boundary (GIT_DISCOVERY_ACROSS_FILESYSTEM not set).
2025-07-30 10:06:32.809 [info] > git rev-parse --show-toplevel [1ms]
2025-07-30 10:06:32.809 [info] fatal: not a git repository (or any parent up to mount point /)
Stopping at filesystem boundary (GIT_DISCOVERY_ACROSS_FILESYSTEM not set).
2025-07-30 10:06:32.812 [info] > git rev-parse --show-toplevel [0ms]
2025-07-30 10:06:32.812 [info] fatal: not a git repository (or any parent up to mount point /)
Stopping at filesystem boundary (GIT_DISCOVERY_ACROSS_FILESYSTEM not set).
2025-07-30 10:06:32.816 [info] > git rev-parse --show-toplevel [0ms]
2025-07-30 10:06:32.816 [info] fatal: not a git repository (or any parent up to mount point /)
Stopping at filesystem boundary (GIT_DISCOVERY_ACROSS_FILESYSTEM not set).
2025-07-30 10:06:32.820 [info] > git rev-parse --show-toplevel [1ms]
2025-07-30 10:06:32.820 [info] fatal: not a git repository (or any parent up to mount point /)
Stopping at filesystem boundary (GIT_DISCOVERY_ACROSS_FILESYSTEM not set).
2025-07-30 10:06:32.827 [info] > git rev-parse --show-toplevel [4ms]
2025-07-30 10:06:32.827 [info] fatal: not a git repository (or any parent up to mount point /)
Stopping at filesystem boundary (GIT_DISCOVERY_ACROSS_FILESYSTEM not set).
2025-07-30 10:06:32.830 [info] > git rev-parse --show-toplevel [1ms]
2025-07-30 10:06:32.830 [info] fatal: not a git repository (or any parent up to mount point /)
Stopping at filesystem boundary (GIT_DISCOVERY_ACROSS_FILESYSTEM not set).
2025-07-30 10:06:32.834 [info] > git rev-parse --show-toplevel [0ms]
2025-07-30 10:06:32.834 [info] fatal: not a git repository (or any parent up to mount point /)
Stopping at filesystem boundary (GIT_DISCOVERY_ACROSS_FILESYSTEM not set).
2025-07-30 10:06:32.838 [info] > git rev-parse --show-toplevel [0ms]
2025-07-30 10:06:32.838 [info] fatal: not a git repository (or any parent up to mount point /)
Stopping at filesystem boundary (GIT_DISCOVERY_ACROSS_FILESYSTEM not set).
2025-07-30 10:06:32.841 [info] > git rev-parse --show-toplevel [0ms]
2025-07-30 10:06:32.841 [info] fatal: not a git repository (or any parent up to mount point /)
Stopping at filesystem boundary (GIT_DISCOVERY_ACROSS_FILESYSTEM not set).
2025-07-30 10:06:32.841 [info] [Model][doInitialScan] Initial repository scan completed - repositories (0), closed repositories (0), parent repositories (0), unsafe repositories (0)
2025-07-30 10:06:32.845 [info] > git rev-parse --show-toplevel [1ms]
2025-07-30 10:06:32.845 [info] fatal: not a git repository (or any parent up to mount point /)
Stopping at filesystem boundary (GIT_DISCOVERY_ACROSS_FILESYSTEM not set).
2025-07-30 10:06:32.848 [info] > git rev-parse --show-toplevel [0ms]
2025-07-30 10:06:32.848 [info] fatal: not a git repository (or any parent up to mount point /)
Stopping at filesystem boundary (GIT_DISCOVERY_ACROSS_FILESYSTEM not set).
2025-07-30 10:06:34.511 [info] > git rev-parse --show-toplevel [1ms]
2025-07-30 10:06:34.511 [info] fatal: not a git repository (or any parent up to mount point /)
Stopping at filesystem boundary (GIT_DISCOVERY_ACROSS_FILESYSTEM not set).
