2025-07-26 18:57:45 Loading main app package /usr/lib/obsidian/obsidian.asar
2025-07-26 18:57:45 Checking for update using Github
2025-07-26 18:57:46 Success.
2025-07-26 18:57:46 Latest version is 1.8.10
2025-07-26 18:57:46 App is up to date.
2025-07-26 19:57:45 Checking for update using Github
2025-07-26 19:57:46 Success.
2025-07-26 19:57:46 Latest version is 1.8.10
2025-07-26 19:57:46 App is up to date.
2025-07-27 14:40:34 Loading main app package /usr/lib/obsidian/obsidian.asar
2025-07-27 14:40:34 Checking for update using Github
2025-07-27 14:40:35 Success.
2025-07-27 14:40:35 Latest version is 1.8.10
2025-07-27 14:40:35 App is up to date.
2025-07-27 15:40:34 Checking for update using Github
2025-07-27 15:40:35 Success.
2025-07-27 15:40:35 Latest version is 1.8.10
2025-07-27 15:40:35 App is up to date.
2025-07-27 16:40:34 Checking for update using Github
2025-07-27 16:40:35 Success.
2025-07-27 16:40:35 Latest version is 1.8.10
2025-07-27 16:40:35 App is up to date.
2025-07-29 07:19:09 Loading main app package /usr/lib/obsidian/obsidian.asar
2025-07-29 07:19:10 Checking for update using Github
2025-07-29 07:19:11 Success.
2025-07-29 07:19:11 Latest version is 1.8.10
2025-07-29 07:19:11 App is up to date.
