2025-07-30 10:14:49.154 [info] [main] Log level: Info
2025-07-30 10:14:49.154 [info] [main] Validating found git in: "git"
2025-07-30 10:14:49.154 [info] [main] Using git "2.50.1" from "git"
2025-07-30 10:14:49.154 [info] [Model][doInitialScan] Initial repository scan started
2025-07-30 10:14:49.154 [info] > git rev-parse --show-toplevel [5ms]
2025-07-30 10:14:49.154 [info] > git rev-parse --git-dir --git-common-dir [1ms]
2025-07-30 10:14:49.154 [info] [Model][openRepository] Opened repository (path): /usr/share/sddm/themes/simple-sddm
2025-07-30 10:14:49.154 [info] [Model][openRepository] Opened repository (real path): /usr/share/sddm/themes/simple-sddm
2025-07-30 10:14:49.154 [info] > git config --get commit.template [4ms]
2025-07-30 10:14:49.154 [info] > git rev-parse --show-toplevel [1ms]
2025-07-30 10:14:49.154 [info] > git rev-parse --show-toplevel [1ms]
2025-07-30 10:14:49.154 [info] > git for-each-ref --format=%(refname)%00%(upstream:short)%00%(objectname)%00%(upstream:track)%00%(upstream:remotename)%00%(upstream:remoteref) refs/heads/main refs/remotes/main [6ms]
2025-07-30 10:14:49.154 [warning] [Git][revParse] Unable to read file: ENOENT: no such file or directory, open '/usr/share/sddm/themes/simple-sddm/.git/refs/remotes/origin/main'
2025-07-30 10:14:49.154 [info] > git rev-parse --show-toplevel [4ms]
2025-07-30 10:14:49.154 [info] [Model][doInitialScan] Initial repository scan completed - repositories (1), closed repositories (0), parent repositories (0), unsafe repositories (0)
2025-07-30 10:14:49.154 [info] > git rev-parse refs/remotes/origin/main [6ms]
2025-07-30 10:14:49.158 [info] > git for-each-ref --sort -committerdate --format %(refname)%00%(objectname)%00%(*objectname) [9ms]
2025-07-30 10:14:49.185 [info] > git status -z -uall [39ms]
2025-07-30 10:14:49.211 [info] > git for-each-ref --format=%(refname)%00%(upstream:short)%00%(objectname)%00%(upstream:track)%00%(upstream:remotename)%00%(upstream:remoteref) refs/heads/main refs/remotes/main [9ms]
2025-07-30 10:14:49.220 [info] > git config --get --local branch.main.vscode-merge-base [6ms]
2025-07-30 10:14:49.223 [info] > git config --get commit.template [13ms]
2025-07-30 10:14:49.224 [info] > git for-each-ref --format=%(refname)%00%(upstream:short)%00%(objectname)%00%(upstream:track)%00%(upstream:remotename)%00%(upstream:remoteref) refs/heads/origin/main refs/remotes/origin/main [1ms]
2025-07-30 10:14:49.233 [info] > git for-each-ref --format=%(refname)%00%(upstream:short)%00%(objectname)%00%(upstream:track)%00%(upstream:remotename)%00%(upstream:remoteref) refs/heads/main refs/remotes/main [2ms]
2025-07-30 10:14:49.233 [info] > git merge-base refs/heads/main refs/remotes/origin/main [5ms]
2025-07-30 10:14:49.240 [warning] [Git][revParse] Unable to read file: ENOENT: no such file or directory, open '/usr/share/sddm/themes/simple-sddm/.git/refs/remotes/origin/main'
2025-07-30 10:14:49.245 [info] > git rev-parse refs/remotes/origin/main [5ms]
2025-07-30 10:14:49.251 [info] > git diff --name-status -z --diff-filter=ADMR afd038e57f8c678a14adf3fd9407a44dde5a660b...refs/remotes/origin/main [15ms]
2025-07-30 10:14:49.252 [info] > git for-each-ref --sort -committerdate --format %(refname)%00%(objectname)%00%(*objectname) [2ms]
2025-07-30 10:14:49.254 [info] > git status -z -uall [6ms]
2025-07-30 10:14:49.581 [info] > git show --textconv :theme.conf [8ms]
2025-07-30 10:14:49.583 [info] > git ls-files --stage -- theme.conf [3ms]
2025-07-30 10:14:49.590 [info] > git cat-file -s 5ed0f29617135bf4cb480a5b4a15a2167c828a41 [2ms]
2025-07-30 10:14:49.636 [info] > git blame --root --incremental afd038e57f8c678a14adf3fd9407a44dde5a660b -- theme.conf [7ms]
2025-07-30 10:14:49.694 [info] > git check-ignore -v -z --stdin [2ms]
2025-07-30 10:15:06.401 [info] > git show --textconv :Components/UserList.qml [8ms]
2025-07-30 10:15:06.402 [info] > git ls-files --stage -- Components/UserList.qml [2ms]
2025-07-30 10:15:06.411 [info] > git cat-file -s c6844be987bd811ca92d6a9970eb142b66de6281 [2ms]
2025-07-30 10:15:26.159 [info] > git blame --root --incremental afd038e57f8c678a14adf3fd9407a44dde5a660b -- Components/UserList.qml [1ms]
2025-07-30 10:15:55.730 [info] > git show --textconv :Components/Clock.qml [5ms]
2025-07-30 10:15:55.732 [info] > git ls-files --stage -- Components/Clock.qml [3ms]
2025-07-30 10:15:55.738 [info] > git cat-file -s e809efc10596d5342f89f540248c8055e0f94b8c [2ms]
2025-07-30 10:16:00.836 [info] > git show --textconv :Components/Input.qml [4ms]
2025-07-30 10:16:00.837 [info] > git ls-files --stage -- Components/Input.qml [2ms]
2025-07-30 10:16:00.845 [info] > git cat-file -s dfbc3da3517e40ff85a12ff3e7de1a4eb615bd66 [2ms]
2025-07-30 10:16:37.485 [info] > git blame --root --incremental afd038e57f8c678a14adf3fd9407a44dde5a660b -- Components/Input.qml [1ms]
2025-07-30 10:16:45.731 [info] > git show --textconv :Components/LoginForm.qml [9ms]
2025-07-30 10:16:45.732 [info] > git ls-files --stage -- Components/LoginForm.qml [2ms]
2025-07-30 10:16:45.738 [info] > git cat-file -s 70212564faadec542e22792d65fc6aad75e6003c [1ms]
2025-07-30 10:16:51.616 [info] > git show --textconv :Components/SessionButton.qml [8ms]
2025-07-30 10:16:51.617 [info] > git ls-files --stage -- Components/SessionButton.qml [2ms]
2025-07-30 10:16:51.626 [info] > git cat-file -s c69cd139dc7571a3e3d22c88b87b29936bbacbda [2ms]
2025-07-30 10:17:01.522 [info] > git blame --root --incremental afd038e57f8c678a14adf3fd9407a44dde5a660b -- Components/SessionButton.qml [2ms]
2025-07-30 10:17:07.713 [info] > git show --textconv :Components/SystemButtons.qml [8ms]
2025-07-30 10:17:07.714 [info] > git ls-files --stage -- Components/SystemButtons.qml [2ms]
2025-07-30 10:17:07.720 [info] > git cat-file -s 511470d78f8633c26e50cf71de4d7680502c1e5e [1ms]
2025-07-30 10:17:14.949 [info] > git show --textconv :Components/UserList.qml [9ms]
2025-07-30 10:17:14.950 [info] > git ls-files --stage -- Components/UserList.qml [2ms]
2025-07-30 10:17:14.959 [info] > git cat-file -s c6844be987bd811ca92d6a9970eb142b66de6281 [2ms]
2025-07-30 10:17:24.240 [info] > git show --textconv :Components/Input.qml [8ms]
2025-07-30 10:17:24.242 [info] > git ls-files --stage -- Components/Input.qml [3ms]
2025-07-30 10:17:24.251 [info] > git cat-file -s dfbc3da3517e40ff85a12ff3e7de1a4eb615bd66 [2ms]
2025-07-30 10:17:26.199 [info] > git show --textconv :Components/SessionButton.qml [8ms]
2025-07-30 10:17:26.200 [info] > git ls-files --stage -- Components/SessionButton.qml [2ms]
2025-07-30 10:17:26.209 [info] > git cat-file -s c69cd139dc7571a3e3d22c88b87b29936bbacbda [2ms]
2025-07-30 10:17:26.404 [info] > git config --get commit.template [8ms]
2025-07-30 10:17:26.405 [info] > git for-each-ref --format=%(refname)%00%(upstream:short)%00%(objectname)%00%(upstream:track)%00%(upstream:remotename)%00%(upstream:remoteref) refs/heads/main refs/remotes/main [2ms]
2025-07-30 10:17:26.412 [warning] [Git][revParse] Unable to read file: ENOENT: no such file or directory, open '/usr/share/sddm/themes/simple-sddm/.git/refs/remotes/origin/main'
2025-07-30 10:17:26.414 [info] > git rev-parse refs/remotes/origin/main [2ms]
2025-07-30 10:17:26.427 [info] > git for-each-ref --sort -committerdate --format %(refname)%00%(objectname)%00%(*objectname) [1ms]
2025-07-30 10:17:26.433 [info] > git status -z -uall [12ms]
2025-07-30 10:17:27.895 [info] > git show --textconv :Components/UserList.qml [8ms]
2025-07-30 10:17:27.896 [info] > git ls-files --stage -- Components/UserList.qml [2ms]
2025-07-30 10:17:27.905 [info] > git cat-file -s c6844be987bd811ca92d6a9970eb142b66de6281 [2ms]
2025-07-30 10:17:31.444 [info] > git config --get commit.template [4ms]
2025-07-30 10:17:31.445 [info] > git for-each-ref --format=%(refname)%00%(upstream:short)%00%(objectname)%00%(upstream:track)%00%(upstream:remotename)%00%(upstream:remoteref) refs/heads/main refs/remotes/main [1ms]
2025-07-30 10:17:31.450 [warning] [Git][revParse] Unable to read file: ENOENT: no such file or directory, open '/usr/share/sddm/themes/simple-sddm/.git/refs/remotes/origin/main'
2025-07-30 10:17:31.451 [info] > git rev-parse refs/remotes/origin/main [2ms]
2025-07-30 10:17:31.458 [info] > git for-each-ref --sort -committerdate --format %(refname)%00%(objectname)%00%(*objectname) [1ms]
2025-07-30 10:17:31.460 [info] > git status -z -uall [6ms]
2025-07-30 10:17:31.792 [info] > git show --textconv :Components/VirtualKeyboard.qml [8ms]
2025-07-30 10:17:31.793 [info] > git ls-files --stage -- Components/VirtualKeyboard.qml [2ms]
2025-07-30 10:17:31.798 [info] > git cat-file -s 77b6ea671557ee56eeef770e552d7d63ffebc2b1 [1ms]
2025-07-30 10:17:34.120 [info] > git show --textconv :Components/Input.qml [7ms]
2025-07-30 10:17:34.121 [info] > git ls-files --stage -- Components/Input.qml [2ms]
2025-07-30 10:17:34.127 [info] > git cat-file -s dfbc3da3517e40ff85a12ff3e7de1a4eb615bd66 [1ms]
2025-07-30 10:17:34.845 [info] > git show --textconv :Components/Clock.qml [8ms]
2025-07-30 10:17:34.846 [info] > git ls-files --stage -- Components/Clock.qml [2ms]
2025-07-30 10:17:34.854 [info] > git cat-file -s e809efc10596d5342f89f540248c8055e0f94b8c [2ms]
2025-07-30 10:17:37.375 [info] > git show --textconv :Components/Input.qml [9ms]
2025-07-30 10:17:37.376 [info] > git ls-files --stage -- Components/Input.qml [2ms]
2025-07-30 10:17:37.384 [info] > git cat-file -s dfbc3da3517e40ff85a12ff3e7de1a4eb615bd66 [2ms]
2025-07-30 10:17:38.802 [info] > git show --textconv :Components/LoginForm.qml [8ms]
2025-07-30 10:17:38.804 [info] > git ls-files --stage -- Components/LoginForm.qml [3ms]
2025-07-30 10:17:38.811 [info] > git cat-file -s 70212564faadec542e22792d65fc6aad75e6003c [1ms]
